Temp/gradleOut/unityLibrary/build/outputs/logs/manifest-merger-release-report.txt
-- Merging decision tree log ---
manifest
ADDED from src\main\AndroidManifest.xml:2:1-40:12
INJECTED from src\main\AndroidManifest.xml:2:1-40:12
INJECTED from src\main\AndroidManifest.xml:2:1-40:12
INJECTED from src\main\AndroidManifest.xml:2:1-40:12
INJECTED from src\main\AndroidManifest.xml:2:1-40:12
INJECTED from src\main\AndroidManifest.xml:2:1-40:12
INJECTED from src\main\AndroidManifest.xml:2:1-40:12
	package
		ADDED from src\main\AndroidManifest.xml:2:70-98
		INJECTED from src\main\AndroidManifest.xml
		INJECTED from src\main\AndroidManifest.xml
	android:versionName
		INJECTED from src\main\AndroidManifest.xml
		ADDED from src\main\AndroidManifest.xml:2:1-40:12
		INJECTED from src\main\AndroidManifest.xml
	android:versionCode
		INJECTED from src\main\AndroidManifest.xml
		ADDED from src\main\AndroidManifest.xml:2:1-40:12
		INJECTED from src\main\AndroidManifest.xml
	xmlns:android
		ADDED from src\main\AndroidManifest.xml:2:11-69
application
ADDED from src\main\AndroidManifest.xml:3:3-19:17
	android:label
		ADDED from src\main\AndroidManifest.xml:3:16-48
	android:icon
		ADDED from src\main\AndroidManifest.xml:3:49-80
activity#com.unity3d.player.UnityPlayerActivity
ADDED from src\main\AndroidManifest.xml:4:5-13:16
	android:screenOrientation
		ADDED from src\main\AndroidManifest.xml:4:102-140
	android:label
		ADDED from src\main\AndroidManifest.xml:4:69-101
	android:launchMode
		ADDED from src\main\AndroidManifest.xml:4:141-172
	android:hardwareAccelerated
		ADDED from src\main\AndroidManifest.xml:4:355-390
	android:configChanges
		ADDED from src\main\AndroidManifest.xml:4:173-354
	android:name
		ADDED from src\main\AndroidManifest.xml:4:15-68
intent-filter#action:name:android.intent.action.MAIN+category:name:android.intent.category.LAUNCHER+category:name:com.google.intent.category.CARDBOARD+category:name:com.nuitrack.intent.category.VICOVR
ADDED from src\main\AndroidManifest.xml:5:7-10:23
action#android.intent.action.MAIN
ADDED from src\main\AndroidManifest.xml:6:9-61
	android:name
		ADDED from src\main\AndroidManifest.xml:6:17-58
category#android.intent.category.LAUNCHER
ADDED from src\main\AndroidManifest.xml:7:9-69
	android:name
		ADDED from src\main\AndroidManifest.xml:7:19-66
category#com.google.intent.category.CARDBOARD
ADDED from src\main\AndroidManifest.xml:8:9-73
	android:name
		ADDED from src\main\AndroidManifest.xml:8:19-70
category#com.nuitrack.intent.category.VICOVR
ADDED from src\main\AndroidManifest.xml:9:9-72
	android:name
		ADDED from src\main\AndroidManifest.xml:9:19-69
meta-data#unityplayer.UnityActivity
ADDED from src\main\AndroidManifest.xml:11:7-82
	android:value
		ADDED from src\main\AndroidManifest.xml:11:59-79
	android:name
		ADDED from src\main\AndroidManifest.xml:11:18-58
meta-data#android.notch_support
ADDED from src\main\AndroidManifest.xml:12:7-78
	android:value
		ADDED from src\main\AndroidManifest.xml:12:55-75
	android:name
		ADDED from src\main\AndroidManifest.xml:12:18-54
meta-data#IMMERSIVE_MODE
ADDED from src\main\AndroidManifest.xml:14:5-69
	android:value
		ADDED from src\main\AndroidManifest.xml:14:46-66
	android:name
		ADDED from src\main\AndroidManifest.xml:14:16-45
meta-data#unity.splash-mode
ADDED from src\main\AndroidManifest.xml:15:5-69
	android:value
		ADDED from src\main\AndroidManifest.xml:15:49-66
	android:name
		ADDED from src\main\AndroidManifest.xml:15:16-48
meta-data#unity.splash-enable
ADDED from src\main\AndroidManifest.xml:16:5-74
	android:value
		ADDED from src\main\AndroidManifest.xml:16:51-71
	android:name
		ADDED from src\main\AndroidManifest.xml:16:16-50
meta-data#notch.config
ADDED from src\main\AndroidManifest.xml:17:5-81
	android:value
		ADDED from src\main\AndroidManifest.xml:17:44-78
	android:name
		ADDED from src\main\AndroidManifest.xml:17:16-43
meta-data#unity.build-id
ADDED from src\main\AndroidManifest.xml:18:5-101
	android:value
		ADDED from src\main\AndroidManifest.xml:18:46-98
	android:name
		ADDED from src\main\AndroidManifest.xml:18:16-45
uses-feature#android.hardware.sensor.accelerometer
ADDED from src\main\AndroidManifest.xml:20:3-96
	android:required
		ADDED from src\main\AndroidManifest.xml:20:70-93
	android:name
		ADDED from src\main\AndroidManifest.xml:20:17-69
uses-feature#android.hardware.sensor.gyroscope
ADDED from src\main\AndroidManifest.xml:21:3-92
	android:required
		ADDED from src\main\AndroidManifest.xml:21:66-89
	android:name
		ADDED from src\main\AndroidManifest.xml:21:17-65
uses-permission#android.permission.NFC
ADDED from src\main\AndroidManifest.xml:22:3-60
	android:name
		ADDED from src\main\AndroidManifest.xml:22:20-57
uses-permission#android.permission.READ_EXTERNAL_STORAGE
ADDED from src\main\AndroidManifest.xml:23:3-78
	android:name
		ADDED from src\main\AndroidManifest.xml:23:20-75
uses-permission#android.permission.INTERNET
ADDED from src\main\AndroidManifest.xml:24:3-65
	android:name
		ADDED from src\main\AndroidManifest.xml:24:20-62
uses-permission#android.permission.BLUETOOTH
ADDED from src\main\AndroidManifest.xml:25:3-66
	android:name
		ADDED from src\main\AndroidManifest.xml:25:20-63
uses-permission#android.permission.BLUETOOTH_ADMIN
ADDED from src\main\AndroidManifest.xml:26:3-72
	android:name
		ADDED from src\main\AndroidManifest.xml:26:20-69
uses-permission#android.permission.WRITE_EXTERNAL_STORAGE
ADDED from src\main\AndroidManifest.xml:27:3-79
	android:name
		ADDED from src\main\AndroidManifest.xml:27:20-76
uses-permission#android.permission.ACCESS_NETWORK_STATE
ADDED from src\main\AndroidManifest.xml:28:3-77
	android:name
		ADDED from src\main\AndroidManifest.xml:28:20-74
uses-permission#android.permission.CHANGE_WIFI_MULTICAST_STATE
ADDED from src\main\AndroidManifest.xml:29:3-84
	android:name
		ADDED from src\main\AndroidManifest.xml:29:20-81
uses-permission#android.permission.ACCESS_COARSE_LOCATION
ADDED from src\main\AndroidManifest.xml:30:3-79
	android:name
		ADDED from src\main\AndroidManifest.xml:30:20-76
uses-feature#android.hardware.usb.host
ADDED from src\main\AndroidManifest.xml:31:3-60
	android:name
		ADDED from src\main\AndroidManifest.xml:31:17-57
uses-feature#0x00020000
ADDED from src\main\AndroidManifest.xml:32:3-52
	android:glEsVersion
		ADDED from src\main\AndroidManifest.xml:32:17-49
uses-feature#android.software.vr.mode
ADDED from src\main\AndroidManifest.xml:34:3-84
	android:required
		ADDED from src\main\AndroidManifest.xml:34:57-81
	android:name
		ADDED from src\main\AndroidManifest.xml:34:17-56
uses-feature#android.hardware.vr.high_performance
ADDED from src\main\AndroidManifest.xml:35:3-96
	android:required
		ADDED from src\main\AndroidManifest.xml:35:69-93
	android:name
		ADDED from src\main\AndroidManifest.xml:35:17-68
uses-feature#android.hardware.vulkan.version
ADDED from src\main\AndroidManifest.xml:36:3-91
	android:required
		ADDED from src\main\AndroidManifest.xml:36:64-88
	android:name
		ADDED from src\main\AndroidManifest.xml:36:17-63
uses-feature#android.hardware.touchscreen
ADDED from src\main\AndroidManifest.xml:37:3-88
	android:required
		ADDED from src\main\AndroidManifest.xml:37:61-85
	android:name
		ADDED from src\main\AndroidManifest.xml:37:17-60
uses-feature#android.hardware.touchscreen.multitouch
ADDED from src\main\AndroidManifest.xml:38:3-99
	android:required
		ADDED from src\main\AndroidManifest.xml:38:72-96
	android:name
		ADDED from src\main\AndroidManifest.xml:38:17-71
uses-feature#android.hardware.touchscreen.multitouch.distinct
ADDED from src\main\AndroidManifest.xml:39:3-108
	android:required
		ADDED from src\main\AndroidManifest.xml:39:81-105
	android:name
		ADDED from src\main\AndroidManifest.xml:39:17-80
uses-sdk
INJECTED from src\main\AndroidManifest.xml reason: use-sdk injection requested
INJECTED from src\main\AndroidManifest.xml
INJECTED from src\main\AndroidManifest.xml
INJECTED from src\main\AndroidManifest.xml
INJECTED from src\main\AndroidManifest.xml
	android:targetSdkVersion
		INJECTED from src\main\AndroidManifest.xml
		ADDED from src\main\AndroidManifest.xml
		INJECTED from src\main\AndroidManifest.xml
	android:minSdkVersion
		INJECTED from src\main\AndroidManifest.xml
		ADDED from src\main\AndroidManifest.xml
		INJECTED from src\main\AndroidManifest.xml